# JRE version: Java(TM) SE Runtime Environment (17.0.10+11) (build 17.0.10+11-LTS-240)
# Java VM: Java HotSpot(TM) 64-Bit Server VM (17.0.10+11-LTS-240, mixed mode, sharing, tiered, compressed oops, compressed class ptrs, g1 gc, windows-amd64)
GC Precious Log:
 CPUs: 4 total, 4 available
 Memory: 8139M
 Large Page Support: Disabled
 NUMA Support: Disabled
 Compressed Oops: Enabled (32-bit)
 Heap Region Size: 1M
 Heap Min Capacity: 256M
 Heap Initial Capacity: 256M
 Heap Max Capacity: 512M
 Pre-touch: Disabled
 Parallel Workers: 4
 Concurrent Workers: 1
 Concurrent Refinement Workers: 4
 Periodic GC: Disabled
Heap:
 garbage-first heap   total 262144K, used 48949K [0x00000000e0000000, 0x0000000100000000)
  region size 1024K, 7 young (7168K), 0 survivors (0K)
 Metaspace       used 58575K, committed 59200K, reserved 393216K
  class space    used 7874K, committed 8192K, reserved 327680K
GC Heap History (20 events):
Event: 17.343 GC heap before
{Heap before GC invocations=9 (full 0):
 garbage-first heap   total 262144K, used 178295K [0x00000000e0000000, 0x0000000100000000)
  region size 1024K, 153 young (156672K), 18 survivors (18432K)
 Metaspace       used 53634K, committed 54080K, reserved 393216K
  class space    used 7457K, committed 7680K, reserved 327680K
}
Event: 17.383 GC heap after
{Heap after GC invocations=10 (full 0):
 garbage-first heap   total 262144K, used 48498K [0x00000000e0000000, 0x0000000100000000)
  region size 1024K, 17 young (17408K), 17 survivors (17408K)
 Metaspace       used 53634K, committed 54080K, reserved 393216K
  class space    used 7457K, committed 7680K, reserved 327680K
}
Event: 111.185 GC heap before
{Heap before GC invocations=10 (full 0):
 garbage-first heap   total 262144K, used 186738K [0x00000000e0000000, 0x0000000100000000)
  region size 1024K, 153 young (156672K), 17 survivors (17408K)
 Metaspace       used 55749K, committed 56384K, reserved 393216K
  class space    used 7675K, committed 8000K, reserved 327680K
}
Event: 111.215 GC heap after
{Heap after GC invocations=11 (full 0):
 garbage-first heap   total 262144K, used 50176K [0x00000000e0000000, 0x0000000100000000)
  region size 1024K, 9 young (9216K), 9 survivors (9216K)
 Metaspace       used 55749K, committed 56384K, reserved 393216K
  class space    used 7675K, committed 8000K, reserved 327680K
}
Event: 156.832 GC heap before
{Heap before GC invocations=11 (full 0):
 garbage-first heap   total 262144K, used 196608K [0x00000000e0000000, 0x0000000100000000)
  region size 1024K, 153 young (156672K), 9 survivors (9216K)
 Metaspace       used 56310K, committed 56960K, reserved 393216K
  class space    used 7680K, committed 8000K, reserved 327680K
}
Event: 156.851 GC heap after
{Heap after GC invocations=12 (full 0):
 garbage-first heap   total 262144K, used 52716K [0x00000000e0000000, 0x0000000100000000)
  region size 1024K, 12 young (12288K), 12 survivors (12288K)
 Metaspace       used 56310K, committed 56960K, reserved 393216K
  class space    used 7680K, committed 8000K, reserved 327680K
}
Event: 177.018 GC heap before
{Heap before GC invocations=12 (full 0):
 garbage-first heap   total 262144K, used 196076K [0x00000000e0000000, 0x0000000100000000)
  region size 1024K, 153 young (156672K), 12 survivors (12288K)
 Metaspace       used 56643K, committed 57280K, reserved 393216K
  class space    used 7682K, committed 8000K, reserved 327680K
}
Event: 177.044 GC heap after
{Heap after GC invocations=13 (full 0):
 garbage-first heap   total 262144K, used 55795K [0x00000000e0000000, 0x0000000100000000)
  region size 1024K, 8 young (8192K), 8 survivors (8192K)
 Metaspace       used 56643K, committed 57280K, reserved 393216K
  class space    used 7682K, committed 8000K, reserved 327680K
}
Event: 283.540 GC heap before
{Heap before GC invocations=13 (full 0):
 garbage-first heap   total 262144K, used 203251K [0x00000000e0000000, 0x0000000100000000)
  region size 1024K, 153 young (156672K), 8 survivors (8192K)
 Metaspace       used 57038K, committed 57664K, reserved 393216K
  class space    used 7722K, committed 8064K, reserved 327680K
}
Event: 283.559 GC heap after
{Heap after GC invocations=14 (full 0):
 garbage-first heap   total 262144K, used 59285K [0x00000000e0000000, 0x0000000100000000)
  region size 1024K, 12 young (12288K), 12 survivors (12288K)
 Metaspace       used 57038K, committed 57664K, reserved 393216K
  class space    used 7722K, committed 8064K, reserved 327680K
}
Event: 324.860 GC heap before
{Heap before GC invocations=14 (full 0):
 garbage-first heap   total 262144K, used 202645K [0x00000000e0000000, 0x0000000100000000)
  region size 1024K, 153 young (156672K), 12 survivors (12288K)
 Metaspace       used 57884K, committed 58496K, reserved 393216K
  class space    used 7831K, committed 8128K, reserved 327680K
}
Event: 324.866 GC heap after
{Heap after GC invocations=15 (full 0):
 garbage-first heap   total 262144K, used 50464K [0x00000000e0000000, 0x0000000100000000)
  region size 1024K, 2 young (2048K), 2 survivors (2048K)
 Metaspace       used 57884K, committed 58496K, reserved 393216K
  class space    used 7831K, committed 8128K, reserved 327680K
}
Event: 350.858 GC heap before
{Heap before GC invocations=15 (full 0):
 garbage-first heap   total 262144K, used 204064K [0x00000000e0000000, 0x0000000100000000)
  region size 1024K, 153 young (156672K), 2 survivors (2048K)
 Metaspace       used 58120K, committed 58816K, reserved 393216K
  class space    used 7851K, committed 8192K, reserved 327680K
}
Event: 350.868 GC heap after
{Heap after GC invocations=16 (full 0):
 garbage-first heap   total 262144K, used 54200K [0x00000000e0000000, 0x0000000100000000)
  region size 1024K, 6 young (6144K), 6 survivors (6144K)
 Metaspace       used 58120K, committed 58816K, reserved 393216K
  class space    used 7851K, committed 8192K, reserved 327680K
}
Event: 374.557 GC heap before
{Heap before GC invocations=16 (full 0):
 garbage-first heap   total 262144K, used 203704K [0x00000000e0000000, 0x0000000100000000)
  region size 1024K, 153 young (156672K), 6 survivors (6144K)
 Metaspace       used 58208K, committed 58880K, reserved 393216K
  class space    used 7852K, committed 8192K, reserved 327680K
}
Event: 374.573 GC heap after
{Heap after GC invocations=17 (full 0):
 garbage-first heap   total 262144K, used 58830K [0x00000000e0000000, 0x0000000100000000)
  region size 1024K, 10 young (10240K), 10 survivors (10240K)
 Metaspace       used 58208K, committed 58880K, reserved 393216K
  class space    used 7852K, committed 8192K, reserved 327680K
}
Event: 713.207 GC heap before
{Heap before GC invocations=17 (full 0):
 garbage-first heap   total 262144K, used 204238K [0x00000000e0000000, 0x0000000100000000)
  region size 1024K, 153 young (156672K), 10 survivors (10240K)
 Metaspace       used 58347K, committed 59008K, reserved 393216K
  class space    used 7853K, committed 8192K, reserved 327680K
}
Event: 713.213 GC heap after
{Heap after GC invocations=18 (full 0):
 garbage-first heap   total 262144K, used 50976K [0x00000000e0000000, 0x0000000100000000)
  region size 1024K, 2 young (2048K), 2 survivors (2048K)
 Metaspace       used 58347K, committed 59008K, reserved 393216K
  class space    used 7853K, committed 8192K, reserved 327680K
}
Event: 717.869 GC heap before
{Heap before GC invocations=18 (full 0):
 garbage-first heap   total 262144K, used 154400K [0x00000000e0000000, 0x0000000100000000)
  region size 1024K, 105 young (107520K), 2 survivors (2048K)
 Metaspace       used 58420K, committed 59136K, reserved 393216K
  class space    used 7853K, committed 8192K, reserved 327680K
}
Event: 717.984 GC heap after
{Heap after GC invocations=19 (full 1):
 garbage-first heap   total 262144K, used 43829K [0x00000000e0000000, 0x0000000100000000)
  region size 1024K, 0 young (0K), 0 survivors (0K)
 Metaspace       used 58330K, committed 59136K, reserved 393216K
  class space    used 7830K, committed 8192K, reserved 327680K
}

